codescanner/app/build/outputs/mapping/release/seeds.txt
com.bitsexcel.mlkit.samples.codescanner.EntryChoiceActivity
com.bitsexcel.mlkit.samples.codescanner.java.MainActivity
com.bitsexcel.mlkit.samples.codescanner.kotlin.MainActivity
com.bitsexcel.mlkit.samples.codescanner.kotlin.MainActivity: void onAllowManualInputCheckboxClicked(android.view.View)
com.bitsexcel.mlkit.samples.codescanner.java.MainActivity: void onAllowManualInputCheckboxClicked(android.view.View)
com.bitsexcel.mlkit.samples.codescanner.kotlin.MainActivity: MainActivity()
com.bitsexcel.mlkit.samples.codescanner.kotlin.MainActivity: void onScanButtonClicked(android.view.View)
com.bitsexcel.mlkit.samples.codescanner.java.MainActivity: MainActivity()
com.bitsexcel.mlkit.samples.codescanner.EntryChoiceActivity: EntryChoiceActivity()
com.bitsexcel.mlkit.samples.codescanner.java.MainActivity: void onScanButtonClicked(android.view.View)
...
androidx.appcompat.widget.Toolbar: void setNavigationContentDescription(java.lang.CharSequence)
androidx.coordinatorlayout.widget.CoordinatorLayout: androidx.core.view.WindowInsetsCompat getLastWindowInsets()
com.google.android.material.textfield.TextInputLayout: void setErrorIconTintMode(android.graphics.PorterDuff$Mode)
com.google.android.datatransport.cct.internal.QosTier: com.google.android.datatransport.cct.internal.QosTier[] values()
com.google.android.material.card.MaterialCardView: int getStrokeWidth()
com.google.android.material.chip.Chip: void setRippleColorResource(int)
androidx.appcompat.view.menu.ExpandedMenuView: int getWindowAnimations()
androidx.core.widget.NestedScrollView: float getVerticalScrollFactorCompat()
com.google.android.material.card.MaterialCardView: void setCheckedIconSize(int)
androidx.appcompat.widget.AppCompatEditText: AppCompatEditText(android.content.Context,android.util.AttributeSet)
androidx.appcompat.widget.ActionBarOverlayLayout: void setUiOptions(int)
com.google.android.material.internal.NavigationMenuItemView: void setActionView(android.view.View)
androidx.lifecycle.ReportFragment$LifecycleCallbacks: void onActivityStarted(android.app.Activity)
androidx.appcompat.widget.AppCompatEditText: void setTextClassifier(android.view.textclassifier.TextClassifier)
androidx.appcompat.widget.SearchView: void setSearchableInfo(android.app.SearchableInfo)
androidx.appcompat.widget.ContentFrameLayout: android.util.TypedValue getFixedWidthMajor()
com.google.android.material.textfield.TextInputLayout: int getPlaceholderTextAppearance()
com.google.android.material.floatingactionbutton.FloatingActionButton: com.google.android.material.shape.ShapeAppearanceModel getShapeAppearanceModel()
com.google.android.material.bottomappbar.BottomAppBar: int getLeftInset()
androidx.appcompat.widget.AppCompatCheckBox: android.graphics.PorterDuff$Mode getSupportButtonTintMode()
androidx.appcompat.widget.AppCompatSpinner: void setBackgroundResource(int)
androidx.appcompat.widget.ViewStubCompat: void setOnInflateListener(androidx.appcompat.widget.ViewStubCompat$OnInflateListener)
androidx.versionedparcelable.CustomVersionedParcelable: CustomVersionedParcelable()
androidx.coordinatorlayout.widget.CoordinatorLayout: android.graphics.drawable.Drawable getStatusBarBackground()
androidx.constraintlayout.widget.Placeholder: void setContentId(int)
com.google.android.material.transformation.FabTransformationBehavior: FabTransformationBehavior()
androidx.cardview.widget.CardView: void setPreventCornerOverlap(boolean)
androidx.appcompat.widget.AppCompatImageView: android.graphics.PorterDuff$Mode getSupportImageTintMode()
androidx.vectordrawable.graphics.drawable.VectorDrawableCompat$VFullPath: int getStrokeColor()
com.google.android.material.textfield.TextInputLayout: void setBoxBackgroundColor(int)
com.google.android.material.circularreveal.CircularRevealFrameLayout: void setCircularRevealScrimColor(int)
androidx.appcompat.widget.AppCompatSpinner: void setPopupBackgroundDrawable(android.graphics.drawable.Drawable)
androidx.appcompat.widget.SearchView: void setOnCloseListener(androidx.appcompat.widget.SearchView$OnCloseListener)
androidx.appcompat.widget.DialogTitle: DialogTitle(android.content.Context,android.util.AttributeSet)
com.google.android.material.snackbar.Snackbar$SnackbarLayout: void setBackgroundDrawable(android.graphics.drawable.Drawable)
androidx.appcompat.widget.Toolbar: android.view.Menu getMenu()
androidx.appcompat.widget.ActionBarContextView: java.lang.CharSequence getSubtitle()
androidx.appcompat.widget.ScrollingTabContainerView: void setTabSelected(int)
com.google.android.material.textfield.TextInputLayout: void setBoxStrokeColor(int)
com.google.android.material.textfield.TextInputLayout: android.content.res.ColorStateList getPrefixTextColor()
com.google.android.material.textfield.TextInputLayout: void setPasswordVisibilityToggleDrawable(int)