codescanner/app/build/outputs/mapping/release/mapping.txt
# compiler: R8
# compiler_version: 3.1.51
# min_api: 21
# pg_map_id: 1bb2c6d
# common_typos_disable
# {"id":"com.android.tools.r8.mapping","version":"1.0"}
com.bitsexcel.mlkit.samples.codescanner.EntryChoiceActivity -> com.bitsexcel.mlkit.samples.codescanner.EntryChoiceActivity:
    java.util.List getChoices() -> Q
com.bitsexcel.mlkit.samples.codescanner.java.MainActivity -> com.bitsexcel.mlkit.samples.codescanner.java.MainActivity:
    android.widget.TextView barcodeResultView -> y
    boolean allowManualInput -> x
    void $r8$lambda$Dt5xiCgBa3CaKjjf4TjaD3sZgjM(com.bitsexcel.mlkit.samples.codescanner.java.MainActivity) -> Q
      # {"id":"com.android.tools.r8.synthesized"}
    void $r8$lambda$F-WeeYs9u54M7kNuvC9NPCzf9uQ(com.bitsexcel.mlkit.samples.codescanner.java.MainActivity,com.google.mlkit.vision.barcode.common.Barcode) -> R
      # {"id":"com.android.tools.r8.synthesized"}
    void $r8$lambda$VwvoYwP3CvtINbyrU6wg29oSBIY(com.bitsexcel.mlkit.samples.codescanner.java.MainActivity,java.lang.Exception) -> S
      # {"id":"com.android.tools.r8.synthesized"}
    java.lang.String getErrorMessage(java.lang.Exception) -> T
    java.lang.String getSuccessfulMessage(com.google.mlkit.vision.barcode.common.Barcode) -> U
    void lambda$onScanButtonClicked$0(com.google.mlkit.vision.barcode.common.Barcode) -> V
    void lambda$onScanButtonClicked$1(java.lang.Exception) -> W
    void lambda$onScanButtonClicked$2() -> X
com.bitsexcel.mlkit.samples.codescanner.kotlin.MainActivity -> com.bitsexcel.mlkit.samples.codescanner.kotlin.MainActivity:
    com.bitsexcel.mlkit.samples.codescanner.kotlin.MainActivity$Companion Companion -> z
    android.widget.TextView barcodeResultView -> y
    boolean allowManualInput -> x
    android.widget.TextView access$getBarcodeResultView$p(com.bitsexcel.mlkit.samples.codescanner.kotlin.MainActivity) -> Q
    java.lang.String access$getErrorMessage(com.bitsexcel.mlkit.samples.codescanner.kotlin.MainActivity,java.lang.Exception) -> R
    java.lang.String access$getSuccessfulMessage(com.bitsexcel.mlkit.samples.codescanner.kotlin.MainActivity,com.google.mlkit.vision.barcode.common.Barcode) -> S
    java.lang.String getErrorMessage(java.lang.Exception) -> T
    java.lang.String getSuccessfulMessage(com.google.mlkit.vision.barcode.common.Barcode) -> U
com.bitsexcel.mlkit.samples.codescanner.kotlin.MainActivity$Companion -> com.bitsexcel.mlkit.samples.codescanner.kotlin.MainActivity$a:
com.bitsexcel.mlkit.samples.codescanner.kotlin.MainActivity$onScanButtonClicked$1 -> com.bitsexcel.mlkit.samples.codescanner.kotlin.MainActivity$b:
    com.bitsexcel.mlkit.samples.codescanner.kotlin.MainActivity this$0 -> a
    void onSuccess(com.google.mlkit.vision.barcode.common.Barcode) -> a
    void onSuccess(java.lang.Object) -> d
com.bitsexcel.mlkit.samples.codescanner.kotlin.MainActivity$onScanButtonClicked$2 -> com.bitsexcel.mlkit.samples.codescanner.kotlin.MainActivity$c:
    com.bitsexcel.mlkit.samples.codescanner.kotlin.MainActivity this$0 -> a
    void onFailure(java.lang.Exception) -> c
com.bitsexcel.mlkit.samples.codescanner.kotlin.MainActivity$onScanButtonClicked$3 -> com.bitsexcel.mlkit.samples.codescanner.kotlin.MainActivity$d:
    com.bitsexcel.mlkit.samples.codescanner.kotlin.MainActivity this$0 -> a
    void onCanceled() -> a
...
com.google.android.gms.internal.mlkit_common.zzam -> b2.j:
    com.google.android.gms.internal.mlkit_common.zzao zza -> d
    java.lang.Object zza(int) -> a
com.google.android.gms.internal.mlkit_common.zzan -> b2.k:
    com.google.android.gms.internal.mlkit_common.zzao zzc -> f
    int zza -> d
    int zzb -> e
    int zzb() -> b
    int zzc() -> c
    java.lang.Object[] zze() -> d
    com.google.android.gms.internal.mlkit_common.zzao zzf(int,int) -> e
com.google.android.gms.internal.mlkit_common.zzao -> b2.l:
    com.google.android.gms.internal.mlkit_common.zzbc zza -> c
    int zza(java.lang.Object[],int) -> a
    com.google.android.gms.internal.mlkit_common.zzao zzf(int,int) -> e
    com.google.android.gms.internal.mlkit_common.zzao zzh(java.lang.Object[]) -> f
    com.google.android.gms.internal.mlkit_common.zzao zzi(java.lang.Object[],int) -> g
    com.google.android.gms.internal.mlkit_common.zzao zzj(java.lang.Object) -> h
    com.google.android.gms.internal.mlkit_common.zzao zzk(java.lang.Object,java.lang.Object,java.lang.Object,java.lang.Object,java.lang.Object,java.lang.Object,java.lang.Object,java.lang.Object,java.lang.Object) -> i
    com.google.android.gms.internal.mlkit_common.zzbc zzl(int) -> j
com.google.android.gms.internal.mlkit_common.zzap -> b2.m:
    java.lang.Object zzb -> b
    java.lang.Object zzc -> c
    java.lang.Object zza -> a
    java.lang.IllegalArgumentException zza() -> a
com.google.android.gms.internal.mlkit_common.zzaq -> b2.n:
    java.lang.Object[] zza -> a
    int zzb -> b
    com.google.android.gms.internal.mlkit_common.zzap zzc -> c
    com.google.android.gms.internal.mlkit_common.zzaq zza(java.lang.Object,java.lang.Object) -> a
    com.google.android.gms.internal.mlkit_common.zzar zzb() -> b
com.google.android.gms.internal.mlkit_common.zzar -> b2.o:
    com.google.android.gms.internal.mlkit_common.zzas zza -> b
    com.google.android.gms.internal.mlkit_common.zzas zzb -> c
    com.google.android.gms.internal.mlkit_common.zzak zzc -> d
    com.google.android.gms.internal.mlkit_common.zzak zza() -> a
    com.google.android.gms.internal.mlkit_common.zzak zzb() -> b
    com.google.android.gms.internal.mlkit_common.zzar zzc(java.lang.Object,java.lang.Object) -> c
    com.google.android.gms.internal.mlkit_common.zzas zzd() -> d
    com.google.android.gms.internal.mlkit_common.zzas zze() -> e
    com.google.android.gms.internal.mlkit_common.zzas zzf() -> f
com.google.android.gms.internal.mlkit_common.zzas -> b2.p:
    com.google.android.gms.internal.mlkit_common.zzao zza -> c
    com.google.android.gms.internal.mlkit_common.zzao zzf() -> e
    com.google.android.gms.internal.mlkit_common.zzao zzg() -> f
com.google.android.gms.internal.mlkit_common.zzat -> b2.q:
    java.lang.Object[] zza(java.lang.Object[],int) -> a
com.google.android.gms.internal.mlkit_common.zzau -> b2.r:
    java.lang.Object[] zzb -> d
    com.google.android.gms.internal.mlkit_common.zzao zza -> f
    int zzc -> e
    int zza(java.lang.Object[],int) -> a
    int zzb() -> b
    int zzc() -> c
    java.lang.Object[] zze() -> d
com.google.android.gms.internal.mlkit_common.zzav -> b2.s:
    com.google.android.gms.internal.mlkit_common.zzaw zza -> d
com.google.android.gms.internal.mlkit_common.zzaw -> b2.t:
    java.lang.Object[] zzb -> e
    int zzc -> f
    com.google.android.gms.internal.mlkit_common.zzar zza -> d
    int zza(java.lang.Object[],int) -> a
    com.google.android.gms.internal.mlkit_common.zzao zzg() -> f
    int zzh(com.google.android.gms.internal.mlkit_common.zzaw) -> g
    java.lang.Object[] zzi(com.google.android.gms.internal.mlkit_common.zzaw) -> h
com.google.android.gms.internal.mlkit_common.zzax -> b2.u:
    com.google.android.gms.internal.mlkit_common.zzao zzb -> e
    com.google.android.gms.internal.mlkit_common.zzar zza -> d
    int zza(java.lang.Object[],int) -> a
com.google.android.gms.internal.mlkit_common.zzay -> b2.v:
    java.lang.Object[] zza -> d
    int zzc -> f
    int zzb -> e