codescanner/app/build/outputs/mapping/release/usage.txt
com.bitsexcel.mlkit.samples.codescanner.java.MainActivity:
    private static final java.lang.String KEY_ALLOW_MANUAL_INPUT
com.bitsexcel.mlkit.samples.codescanner.kotlin.MainActivity:
    private static final java.lang.String KEY_ALLOW_MANUAL_INPUT
    public static final synthetic void access$setBarcodeResultView$p(com.bitsexcel.mlkit.samples.codescanner.kotlin.MainActivity,android.widget.TextView)
com.google.mlkit.samples.codescanner.BuildConfig
com.google.mlkit.samples.codescanner.R$anim
com.google.mlkit.samples.codescanner.R$animator
com.google.mlkit.samples.codescanner.R$attr
com.google.mlkit.samples.codescanner.R$bool
com.google.mlkit.samples.codescanner.R$color
com.google.mlkit.samples.codescanner.R$dimen
com.google.mlkit.samples.codescanner.R$drawable
com.google.mlkit.samples.codescanner.R$id
com.google.mlkit.samples.codescanner.R$integer
com.google.mlkit.samples.codescanner.R$interpolator
com.google.mlkit.samples.codescanner.R$layout
com.google.mlkit.samples.codescanner.R$plurals
com.google.mlkit.samples.codescanner.R$string
com.google.mlkit.samples.codescanner.R$style
com.google.mlkit.samples.codescanner.R$styleable
com.google.mlkit.samples.codescanner.R$xml
com.google.mlkit.samples.codescanner.R
com.google.mlkit.samples.codescanner.databinding.ActivityMainBinding
...
com.google.android.material.transition.platform.TransitionUtils$CornerSizeBinaryOperator
com.google.android.material.transition.platform.TransitionUtils
com.google.android.material.transition.platform.VisibilityAnimatorProvider
com.google.android.odml.image.BitmapExtractor
com.google.android.odml.image.BitmapMlImageBuilder
com.google.android.odml.image.ByteBufferExtractor
com.google.android.odml.image.ByteBufferMlImageBuilder
com.google.android.odml.image.ImageProperties
com.google.android.odml.image.MediaImageExtractor
com.google.android.odml.image.MediaMlImageBuilder
com.google.android.odml.image.MlImage$ImageFormat
com.google.android.odml.image.MlImage$Internal
com.google.android.odml.image.MlImage$StorageType
com.google.android.odml.image.MlImage
com.google.android.odml.image.R
com.google.android.odml.image.zza
com.google.android.odml.image.zzb
com.google.android.odml.image.zzc
com.google.android.odml.image.zzd
com.google.android.odml.image.zze
com.google.android.odml.image.zzf
com.google.android.odml.image.zzg
com.google.android.odml.image.zzh
com.google.android.odml.image.zzi
com.google.android.odml.image.zzj
com.google.firebase.FirebaseApiNotAvailableException
com.google.firebase.FirebaseException
com.google.firebase.FirebaseExceptionMapper
com.google.firebase.annotations.DeferredApi
com.google.firebase.components.BuildConfig
com.google.firebase.components.Component$$Lambda$1
com.google.firebase.components.Component$$Lambda$3
com.google.firebase.components.Component$Builder:
    public com.google.firebase.components.Component$Builder alwaysEager()
    public com.google.firebase.components.Component$Builder eagerInDefaultApp()
    public com.google.firebase.components.Component$Builder publishes(java.lang.Class)
    private com.google.firebase.components.Component$Builder setInstantiation(int)
com.google.firebase.components.Component:
    public static com.google.firebase.components.Component intoSet(java.lang.Object,java.lang.Class)
    public boolean isLazy()
    static synthetic java.lang.Object lambda$intoSet$2(java.lang.Object,com.google.firebase.components.ComponentContainer)
    static synthetic java.lang.Object lambda$of$0(java.lang.Object,com.google.firebase.components.ComponentContainer)
    public static com.google.firebase.components.Component of(java.lang.Class,java.lang.Object)
com.google.firebase.components.ComponentContainer:
    public abstract com.google.firebase.inject.Deferred getDeferred(java.lang.Class)
com.google.firebase.components.ComponentDiscovery:
    private static final java.lang.String COMPONENT_KEY_PREFIX
    private static final java.lang.String COMPONENT_SENTINEL_VALUE
    static final java.lang.String TAG
    public java.util.List discover()
com.google.firebase.components.ComponentRuntime$$Lambda$2
com.google.firebase.components.ComponentRuntime$Builder$$Lambda$1
com.google.firebase.components.ComponentRuntime$Builder:
    public com.google.firebase.components.ComponentRuntime$Builder addComponentRegistrar(com.google.firebase.components.ComponentRegistrar)
    static synthetic com.google.firebase.components.ComponentRegistrar lambda$addComponentRegistrar$0(com.google.firebase.components.ComponentRegistrar)
com.google.firebase.components.ComponentRuntime:
    public varargs void <init>(java.util.concurrent.Executor,java.lang.Iterable,com.google.firebase.components.Component[])
    public void discoverComponents()
    public com.google.firebase.inject.Deferred getDeferred(java.lang.Class)
    public void initializeAllComponentsForTests()
    static synthetic com.google.firebase.components.ComponentRegistrar lambda$toProviders$1(com.google.firebase.components.ComponentRegistrar)
    private static java.lang.Iterable toProviders(java.lang.Iterable)
com.google.firebase.components.CycleDetector:
    void <init>()